<?xml version="1.0" encoding="UTF-8"?>
<!-- Generated by org.testng.reporters.JUnitReportReporter -->
<testsuite hostname="Tamannas-MacBook-Pro.local" failures="0" tests="5" name="Jenkins_execution_check.Register" time="28.084" errors="0" timestamp="2024-11-21T18:54:00 EST" skipped="0">
  <testcase classname="Jenkins_execution_check.Register" name="registerWithNoInputs" time="5.402"/>
  <system-out/>
  <testcase classname="Jenkins_execution_check.Register" name="registerWithMandatoryFields" time="5.722"/>
  <system-out/>
  <testcase classname="Jenkins_execution_check.Register" name="registerWithAllDetails" time="5.932"/>
  <system-out/>
  <testcase classname="Jenkins_execution_check.Register" name="registerWithExistingEmail" time="5.263"/>
  <system-out/>
  <testcase classname="Jenkins_execution_check.Register" name="registerWithWrongConfirmPassword" time="5.765"/>
  <system-out/>
</testsuite> <!-- Jenkins_execution_check.Register -->
