<?xml version="1.0" encoding="UTF-8"?>
<!-- Generated by org.testng.reporters.JUnitReportReporter -->
<testsuite hostname="Tamannas-MacBook-Pro.local" failures="0" tests="3" name="Jenkins_execution_check.SearchProduct" time="13.686" errors="0" timestamp="2024-11-21T18:54:00 EST" skipped="0">
  <testcase classname="Jenkins_execution_check.SearchProduct" name="verifySearchWithValidProduct" time="4.722"/>
  <system-out/>
  <testcase classname="Jenkins_execution_check.SearchProduct" name="verifySearchWithInvalidProduct" time="4.475"/>
  <system-out/>
  <testcase classname="Jenkins_execution_check.SearchProduct" name="verifySearchWithNoProduct" time="4.489"/>
  <system-out/>
</testsuite> <!-- Jenkins_execution_check.SearchProduct -->
