<?xml version="1.0" encoding="UTF-8"?>
<!-- Generated by org.testng.reporters.JUnitReportReporter -->
<testsuite hostname="Tamannas-MacBook-Pro.local" failures="0" tests="5" name="Jenkins_execution_check.Login" time="26.462" errors="0" timestamp="2024-11-21T18:54:00 EST" skipped="0">
  <testcase classname="Jenkins_execution_check.Login" name="verifyLoginWithValidCredentials" time="5.956"/>
  <system-out/>
  <testcase classname="Jenkins_execution_check.Login" name="verifyLoginWithInvalidCredentials" time="5.361"/>
  <system-out/>
  <testcase classname="Jenkins_execution_check.Login" name="verifyLoginWithValidEmailandInvalidPassword" time="4.859"/>
  <system-out/>
  <testcase classname="Jenkins_execution_check.Login" name="verifyLoginWithInvalidEmailandValidPassword" time="5.140"/>
  <system-out/>
  <testcase classname="Jenkins_execution_check.Login" name="verifyLoginWithNoCredentials" time="5.146"/>
  <system-out/>
</testsuite> <!-- Jenkins_execution_check.Login -->
